[01m[K/home/oswaldor/trochoids_ws/src/trochoids/src/ChebTools.cpp:6:10:[m[K [01;31m[Kfatal error: [m[Kunsupported/Eigen/FFT: No such file or directory
    6 | #include [01;31m[K<unsupported/Eigen/FFT>[m[K
      |          [01;31m[K^~~~~~~~~~~~~~~~~~~~~~~[m[K
compilation terminated.
make[3]: *** [CMakeFiles/trochoids.dir/build.make:102: CMakeFiles/trochoids.dir/src/ChebTools.cpp.o] Error 1
make[3]: *** Waiting for unfinished jobs....
[01m[K/home/oswaldor/trochoids_ws/src/trochoids/src/trochoids.cpp:[m[K In member function ‘[01m[KPath trochoids::Trochoid::getTrochoid(double)[m[K’:
[01m[K/home/oswaldor/trochoids_ws/src/trochoids/src/trochoids.cpp:510:79:[m[K [01;31m[Kerror: [m[Kno matching function for call to ‘[01m[Ktrochoids::Trochoid::exhaustive_numerical_solve(double&, double&, double&, double&, double&, double&, double&, double&, double&, double&, double&, trochoids::Trochoid::Path&, bool)[m[K’
  510 |                                         yt10, yt20, best_time, final_path,true[01;31m[K)[m[K;
      |                                                                               [01;31m[K^[m[K
In file included from [01m[K/home/oswaldor/trochoids_ws/src/trochoids/src/trochoids.cpp:38[m[K:
[01m[K/home/oswaldor/trochoids_ws/src/trochoids/include/trochoids/trochoids.h:98:10:[m[K [01;36m[Knote: [m[Kcandidate: ‘[01m[Kvoid trochoids::Trochoid::exhaustive_numerical_solve(double&, double&, double&, double&, double&, double&, double&, double&, double&, double&, double&, trochoids::Trochoid::Path&)[m[K’
   98 |     void [01;36m[Kexhaustive_numerical_solve[m[K(double &del1, double &del2,
      |          [01;36m[K^~~~~~~~~~~~~~~~~~~~~~~~~~[m[K
[01m[K/home/oswaldor/trochoids_ws/src/trochoids/include/trochoids/trochoids.h:98:10:[m[K [01;36m[Knote: [m[K  candidate expects 12 arguments, 13 provided
[01m[K/home/oswaldor/trochoids_ws/src/trochoids/src/trochoids.cpp:[m[K In member function ‘[01m[KPath trochoids::Trochoid::getTrochoidNumerical(bool, double)[m[K’:
[01m[K/home/oswaldor/trochoids_ws/src/trochoids/src/trochoids.cpp:564:79:[m[K [01;31m[Kerror: [m[Kno matching function for call to ‘[01m[Ktrochoids::Trochoid::exhaustive_numerical_solve(double&, double&, double&, double&, double&, double&, double&, double&, double&, double&, double&, trochoids::Trochoid::Path&, bool)[m[K’
  564 |                                         yt10, yt20, best_time, final_path,true[01;31m[K)[m[K;
      |                                                                               [01;31m[K^[m[K
In file included from [01m[K/home/oswaldor/trochoids_ws/src/trochoids/src/trochoids.cpp:38[m[K:
[01m[K/home/oswaldor/trochoids_ws/src/trochoids/include/trochoids/trochoids.h:98:10:[m[K [01;36m[Knote: [m[Kcandidate: ‘[01m[Kvoid trochoids::Trochoid::exhaustive_numerical_solve(double&, double&, double&, double&, double&, double&, double&, double&, double&, double&, double&, trochoids::Trochoid::Path&)[m[K’
   98 |     void [01;36m[Kexhaustive_numerical_solve[m[K(double &del1, double &del2,
      |          [01;36m[K^~~~~~~~~~~~~~~~~~~~~~~~~~[m[K
[01m[K/home/oswaldor/trochoids_ws/src/trochoids/include/trochoids/trochoids.h:98:10:[m[K [01;36m[Knote: [m[K  candidate expects 12 arguments, 13 provided
[01m[K/home/oswaldor/trochoids_ws/src/trochoids/src/trochoids.cpp:[m[K At global scope:
[01m[K/home/oswaldor/trochoids_ws/src/trochoids/src/trochoids.cpp:648:6:[m[K [01;31m[Kerror: [m[Kno declaration matches ‘[01m[Kvoid trochoids::Trochoid::exhaustive_numerical_solve(double&, double&, double&, double&, double&, double&, double&, double&, double&, double&, double&, trochoids::Trochoid::Path&, bool)[m[K’
  648 | void [01;31m[Ktrochoids[m[K::Trochoid::exhaustive_numerical_solve(double &del1, double &del2,
      |      [01;31m[K^~~~~~~~~[m[K
In file included from [01m[K/home/oswaldor/trochoids_ws/src/trochoids/src/trochoids.cpp:38[m[K:
[01m[K/home/oswaldor/trochoids_ws/src/trochoids/include/trochoids/trochoids.h:98:10:[m[K [01;36m[Knote: [m[Kcandidate is: ‘[01m[Kvoid trochoids::Trochoid::exhaustive_numerical_solve(double&, double&, double&, double&, double&, double&, double&, double&, double&, double&, double&, trochoids::Trochoid::Path&)[m[K’
   98 |     void [01;36m[Kexhaustive_numerical_solve[m[K(double &del1, double &del2,
      |          [01;36m[K^~~~~~~~~~~~~~~~~~~~~~~~~~[m[K
[01m[K/home/oswaldor/trochoids_ws/src/trochoids/include/trochoids/trochoids.h:55:7:[m[K [01;36m[Knote: [m[K‘[01m[Kclass trochoids::Trochoid[m[K’ defined here
   55 | class [01;36m[KTrochoid[m[K
      |       [01;36m[K^~~~~~~~[m[K
make[3]: *** [CMakeFiles/trochoids.dir/build.make:63: CMakeFiles/trochoids.dir/src/trochoids.cpp.o] Error 1
make[2]: *** [CMakeFiles/Makefile2:315: CMakeFiles/trochoids.dir/all] Error 2
make[1]: *** [CMakeFiles/Makefile2:214: CMakeFiles/tests.dir/rule] Error 2
make: *** [Makefile:201: tests] Error 2
